0 info it worked if it ends with ok
1 verbose cli [ '/Users/yogiman/.nvm/versions/node/v7.4.0/bin/node',
1 verbose cli   '/Users/yogiman/.nvm/versions/node/v7.4.0/bin/npm',
1 verbose cli   'start' ]
2 info using npm@4.0.5
3 info using node@v7.4.0
4 verbose run-script [ 'prestart', 'start', 'poststart' ]
5 info lifecycle boilerplate@1.0.0~prestart: boilerplate@1.0.0
6 warn lifecycle The node binary used for scripts is /usr/local/lib/node_modules/node but npm is using /Users/yogiman/.nvm/versions/node/v7.4.0/bin/node itself. Use the `--scripts-prepend-node-path` option to include the path for the node binary npm was executed with.
7 silly lifecycle boilerplate@1.0.0~prestart: no script for prestart, continuing
8 info lifecycle boilerplate@1.0.0~start: boilerplate@1.0.0
9 verbose lifecycle boilerplate@1.0.0~start: unsafe-perm in lifecycle true
10 verbose lifecycle boilerplate@1.0.0~start: PATH: /Users/yogiman/.nvm/versions/node/v7.4.0/lib/node_modules/npm/bin/node-gyp-bin:/Users/yogiman/Workspace/Cache/boilerplate/node_modules/.bin:/Users/yogiman/.composer/vendor/bin:/usr/local/lib/node_modules/:/Users/yogiman/.nvm/versions/node/v7.4.0/bin:/usr/local/cuda/bin:/usr/local/bin:/usr/bin:/bin:/usr/sbin:/sbin:/opt/X11/bin
11 verbose lifecycle boilerplate@1.0.0~start: CWD: /Users/yogiman/Workspace/Cache/boilerplate
12 silly lifecycle boilerplate@1.0.0~start: Args: [ '-c', 'node server.js' ]
13 silly lifecycle boilerplate@1.0.0~start: Returned: code: 1  signal: null
14 info lifecycle boilerplate@1.0.0~start: Failed to exec start script
15 verbose stack Error: boilerplate@1.0.0 start: `node server.js`
15 verbose stack Exit status 1
15 verbose stack     at EventEmitter.<anonymous> (/Users/yogiman/.nvm/versions/node/v7.4.0/lib/node_modules/npm/lib/utils/lifecycle.js:279:16)
15 verbose stack     at emitTwo (events.js:106:13)
15 verbose stack     at EventEmitter.emit (events.js:191:7)
15 verbose stack     at ChildProcess.<anonymous> (/Users/yogiman/.nvm/versions/node/v7.4.0/lib/node_modules/npm/lib/utils/spawn.js:40:14)
15 verbose stack     at emitTwo (events.js:106:13)
15 verbose stack     at ChildProcess.emit (events.js:191:7)
15 verbose stack     at maybeClose (internal/child_process.js:885:16)
15 verbose stack     at Process.ChildProcess._handle.onexit (internal/child_process.js:226:5)
16 verbose pkgid boilerplate@1.0.0
17 verbose cwd /Users/yogiman/Workspace/Cache/boilerplate
18 error Darwin 15.5.0
19 error argv "/Users/yogiman/.nvm/versions/node/v7.4.0/bin/node" "/Users/yogiman/.nvm/versions/node/v7.4.0/bin/npm" "start"
20 error node v7.4.0
21 error npm  v4.0.5
22 error code ELIFECYCLE
23 error boilerplate@1.0.0 start: `node server.js`
23 error Exit status 1
24 error Failed at the boilerplate@1.0.0 start script 'node server.js'.
24 error Make sure you have the latest version of node.js and npm installed.
24 error If you do, this is most likely a problem with the boilerplate package,
24 error not with npm itself.
24 error Tell the author that this fails on your system:
24 error     node server.js
24 error You can get information on how to open an issue for this project with:
24 error     npm bugs boilerplate
24 error Or if that isn't available, you can get their info via:
24 error     npm owner ls boilerplate
24 error There is likely additional logging output above.
25 verbose exit [ 1, true ]
